<?xml version="1.0" encoding="UTF-8"?>
<!-- Generated by org.testng.reporters.JUnitReportReporter -->
<testsuite hostname="LAPTOP-09AFOE6P" failures="0" tests="5" name="testrunner.makeAppointmentTR" time="47.258" errors="0" timestamp="2023-11-29T11:40:27 IST" skipped="0">
  <testcase classname="testrunner.makeAppointmentTR" name="validateMakeAppointment" time="8.703"/>
  <testcase classname="testrunner.makeAppointmentTR" name="validate_2_DropDwon_radioButton" time="10.622"/>
  <testcase classname="testrunner.makeAppointmentTR" name="validate_3_DropDwon_radioButton" time="9.089"/>
  <testcase classname="testrunner.makeAppointmentTR" name="verifyScrollUpButton" time="8.928"/>
  <testcase classname="testrunner.makeAppointmentTR" name="verifyHistoryButton" time="9.916"/>
</testsuite> <!-- testrunner.makeAppointmentTR -->
