<?xml version="1.0" encoding="UTF-8"?>
<!-- Generated by org.testng.reporters.JUnitReportReporter -->
<testsuite hostname="LAPTOP-09AFOE6P" failures="0" tests="3" name="testrunner.LoginTestRunner" time="25.543" errors="0" timestamp="2023-11-29T11:39:07 IST" skipped="0">
  <testcase classname="testrunner.LoginTestRunner" name="doLogin" time="7.843"/>
  <testcase classname="testrunner.LoginTestRunner" name="doLogInWithInvalidCreds" time="7.749"/>
  <testcase classname="testrunner.LoginTestRunner" name="doLogout" time="9.951"/>
</testsuite> <!-- testrunner.LoginTestRunner -->
